2024-02-14 02:18:24+0530 - cse - 15 - INFO - visit_numbernode
2024-02-14 02:18:24+0530 - cse - 15 - INFO - visit_numbernode
2024-02-14 02:25:04+0530 - cse - 4 - INFO - initial logger setup
2024-02-14 02:25:07+0530 - cse - 11 - INFO - Executing <stdin>
2024-02-14 02:25:07+0530 - cse.lexer - 33 - INFO - generating tokens
2024-02-14 02:25:07+0530 - cse.parser - 32 - INFO - parsing tokens
2024-02-14 02:25:07+0530 - cse.parser - 46 - INFO - evaluate expression
2024-02-14 02:25:07+0530 - cse.parser - 50 - INFO - evaluate term
2024-02-14 02:25:07+0530 - cse.parser - 77 - INFO - evaluate factor
2024-02-14 02:25:07+0530 - cse.parser - 50 - INFO - evaluate term
2024-02-14 02:25:07+0530 - cse.parser - 77 - INFO - evaluate factor
2024-02-14 02:25:07+0530 - cse - 15 - INFO - visit_binopnode
2024-02-14 02:25:07+0530 - cse - 15 - INFO - visit_numbernode
2024-02-14 02:25:07+0530 - cse - 15 - INFO - visit_numbernode
2024-02-14 02:28:02+0530 - cse - 4 - INFO - initial logger setup
2024-02-14 02:28:04+0530 - cse - 11 - INFO - Executing <stdin>
2024-02-14 02:28:04+0530 - cse.lexer - 33 - INFO - generating tokens
2024-02-14 02:28:04+0530 - cse.parser - 32 - INFO - parsing tokens
2024-02-14 02:28:04+0530 - cse.parser - 46 - INFO - evaluate expression
2024-02-14 02:28:04+0530 - cse.parser - 50 - INFO - evaluate term
2024-02-14 02:28:04+0530 - cse.parser - 77 - INFO - evaluate factor
2024-02-14 02:28:04+0530 - cse.parser - 50 - INFO - evaluate term
2024-02-14 02:28:04+0530 - cse.parser - 77 - INFO - evaluate factor
2024-02-14 02:28:04+0530 - cse - 15 - INFO - visit_binopnode
2024-02-14 02:28:04+0530 - cse - 15 - INFO - visit_numbernode
2024-02-14 02:28:04+0530 - cse - 15 - INFO - visit_numbernode
2024-02-14 02:38:16+0530 - cse - 4 - INFO - initial logger setup
2024-02-14 02:38:19+0530 - cse - 11 - INFO - Executing <stdin>
2024-02-14 02:38:19+0530 - cse.lexer - 33 - INFO - generating tokens
2024-02-14 02:38:19+0530 - cse.parser - 32 - INFO - parsing tokens
2024-02-14 02:38:19+0530 - cse.parser - 46 - INFO - evaluate expression
2024-02-14 02:38:19+0530 - cse.parser - 50 - INFO - evaluate term
2024-02-14 02:38:19+0530 - cse.parser - 77 - INFO - evaluate factor
2024-02-14 02:38:19+0530 - cse.parser - 50 - INFO - evaluate term
2024-02-14 02:38:19+0530 - cse.parser - 77 - INFO - evaluate factor
2024-02-14 02:39:08+0530 - cse - 4 - INFO - initial logger setup
2024-02-14 02:39:10+0530 - cse - 11 - INFO - Executing <stdin>
2024-02-14 02:39:11+0530 - cse.lexer - 33 - INFO - generating tokens
2024-02-14 02:39:11+0530 - cse.parser - 32 - INFO - parsing tokens
2024-02-14 02:39:11+0530 - cse.parser - 46 - INFO - evaluate expression
2024-02-14 02:39:11+0530 - cse.parser - 50 - INFO - evaluate term
2024-02-14 02:39:11+0530 - cse.parser - 77 - INFO - evaluate factor
2024-02-14 02:39:11+0530 - cse.parser - 50 - INFO - evaluate term
2024-02-14 02:39:11+0530 - cse.parser - 77 - INFO - evaluate factor
2024-02-14 02:39:11+0530 - cse - 15 - INFO - visit_binopnode
2024-02-14 02:39:11+0530 - cse - 15 - INFO - visit_numbernode
2024-02-14 02:39:11+0530 - cse - 15 - INFO - visit_numbernode
2024-02-14 03:17:37+0530 - cse - 4 - INFO - initial logger setup
2024-02-14 03:17:39+0530 - cse - 11 - INFO - Executing <stdin>
2024-02-14 03:17:39+0530 - cse.lexer - 33 - INFO - generating tokens
2024-02-14 03:17:39+0530 - cse.parser - 32 - INFO - parsing tokens
2024-02-14 03:17:39+0530 - cse.parser - 46 - INFO - evaluate expression
2024-02-14 03:17:39+0530 - cse.parser - 50 - INFO - evaluate term
2024-02-14 03:17:39+0530 - cse.parser - 75 - INFO - evaluate factor
2024-02-14 03:17:39+0530 - cse.parser - 50 - INFO - evaluate term
2024-02-14 03:17:39+0530 - cse.parser - 75 - INFO - evaluate factor
2024-02-14 03:17:39+0530 - cse - 15 - INFO - visit_binopnode
2024-02-14 03:17:39+0530 - cse - 15 - INFO - visit_numbernode
2024-02-14 03:17:39+0530 - cse - 15 - INFO - visit_numbernode
2024-02-14 03:17:46+0530 - cse - 11 - INFO - Executing <stdin>
2024-02-14 03:17:46+0530 - cse.lexer - 33 - INFO - generating tokens
2024-02-14 03:17:46+0530 - cse.parser - 32 - INFO - parsing tokens
2024-02-14 03:17:46+0530 - cse.parser - 46 - INFO - evaluate expression
2024-02-14 03:17:46+0530 - cse.parser - 50 - INFO - evaluate term
2024-02-14 03:17:46+0530 - cse.parser - 75 - INFO - evaluate factor
2024-02-14 03:17:46+0530 - cse.parser - 50 - INFO - evaluate term
2024-02-14 03:17:46+0530 - cse.parser - 75 - INFO - evaluate factor
2024-02-14 03:17:46+0530 - cse.parser - 50 - INFO - evaluate term
2024-02-14 03:17:46+0530 - cse.parser - 75 - INFO - evaluate factor
2024-02-14 03:17:46+0530 - cse - 15 - INFO - visit_binopnode
2024-02-14 03:17:46+0530 - cse - 15 - INFO - visit_binopnode
2024-02-14 03:17:46+0530 - cse - 15 - INFO - visit_numbernode
2024-02-14 03:17:46+0530 - cse - 15 - INFO - visit_numbernode
2024-02-14 03:17:46+0530 - cse - 15 - INFO - visit_numbernode
2024-02-14 03:17:56+0530 - cse - 11 - INFO - Executing <stdin>
2024-02-14 03:17:56+0530 - cse.lexer - 33 - INFO - generating tokens
2024-02-14 03:17:56+0530 - cse.parser - 32 - INFO - parsing tokens
2024-02-14 03:17:56+0530 - cse.parser - 46 - INFO - evaluate expression
2024-02-14 03:17:56+0530 - cse.parser - 50 - INFO - evaluate term
2024-02-14 03:17:56+0530 - cse.parser - 75 - INFO - evaluate factor
2024-02-14 03:17:56+0530 - cse.parser - 50 - INFO - evaluate term
2024-02-14 03:17:56+0530 - cse.parser - 75 - INFO - evaluate factor
2024-02-14 03:17:56+0530 - cse.parser - 75 - INFO - evaluate factor
2024-02-14 03:17:56+0530 - cse - 15 - INFO - visit_binopnode
2024-02-14 03:17:56+0530 - cse - 15 - INFO - visit_numbernode
2024-02-14 03:17:56+0530 - cse - 15 - INFO - visit_binopnode
2024-02-14 03:17:56+0530 - cse - 15 - INFO - visit_numbernode
2024-02-14 03:17:56+0530 - cse - 15 - INFO - visit_numbernode
2024-02-14 03:18:07+0530 - cse - 11 - INFO - Executing <stdin>
2024-02-14 03:18:07+0530 - cse.lexer - 33 - INFO - generating tokens
2024-02-14 03:18:07+0530 - cse.parser - 32 - INFO - parsing tokens
2024-02-14 03:18:07+0530 - cse.parser - 46 - INFO - evaluate expression
2024-02-14 03:18:07+0530 - cse.parser - 50 - INFO - evaluate term
2024-02-14 03:18:07+0530 - cse.parser - 75 - INFO - evaluate factor
2024-02-14 03:18:07+0530 - cse.parser - 46 - INFO - evaluate expression
2024-02-14 03:18:07+0530 - cse.parser - 50 - INFO - evaluate term
2024-02-14 03:18:07+0530 - cse.parser - 75 - INFO - evaluate factor
2024-02-14 03:18:07+0530 - cse.parser - 50 - INFO - evaluate term
2024-02-14 03:18:07+0530 - cse.parser - 75 - INFO - evaluate factor
2024-02-14 03:18:07+0530 - cse.parser - 75 - INFO - evaluate factor
2024-02-14 03:18:07+0530 - cse - 28 - ERROR - InvalidSyntaxError: Expected ')'
File: <stdin>, line: 1
2024-02-14 03:19:50+0530 - cse - 11 - INFO - Executing <stdin>
2024-02-14 03:19:50+0530 - cse.lexer - 33 - INFO - generating tokens
2024-02-14 03:19:50+0530 - cse.parser - 32 - INFO - parsing tokens
2024-02-14 03:19:50+0530 - cse.parser - 46 - INFO - evaluate expression
2024-02-14 03:19:50+0530 - cse.parser - 50 - INFO - evaluate term
2024-02-14 03:19:50+0530 - cse.parser - 75 - INFO - evaluate factor
2024-02-14 03:19:50+0530 - cse.parser - 46 - INFO - evaluate expression
2024-02-14 03:19:50+0530 - cse.parser - 50 - INFO - evaluate term
2024-02-14 03:19:50+0530 - cse.parser - 75 - INFO - evaluate factor
2024-02-14 03:19:50+0530 - cse.parser - 50 - INFO - evaluate term
2024-02-14 03:19:50+0530 - cse.parser - 75 - INFO - evaluate factor
2024-02-14 03:19:50+0530 - cse.parser - 75 - INFO - evaluate factor
2024-02-14 03:19:50+0530 - cse - 28 - ERROR - InvalidSyntaxError: Expected ')'
File: <stdin>, line: 1
2024-02-14 03:19:59+0530 - cse - 11 - INFO - Executing <stdin>
2024-02-14 03:19:59+0530 - cse.lexer - 33 - INFO - generating tokens
2024-02-14 03:19:59+0530 - cse.parser - 32 - INFO - parsing tokens
2024-02-14 03:19:59+0530 - cse.parser - 46 - INFO - evaluate expression
2024-02-14 03:19:59+0530 - cse.parser - 50 - INFO - evaluate term
2024-02-14 03:19:59+0530 - cse.parser - 75 - INFO - evaluate factor
2024-02-14 03:19:59+0530 - cse.parser - 46 - INFO - evaluate expression
2024-02-14 03:19:59+0530 - cse.parser - 50 - INFO - evaluate term
2024-02-14 03:19:59+0530 - cse.parser - 75 - INFO - evaluate factor
2024-02-14 03:19:59+0530 - cse - 28 - ERROR - InvalidSyntaxError: Expected '+', '-', '*' or '/'
File: <stdin>, line: 1
2024-02-14 03:20:12+0530 - cse - 11 - INFO - Executing <stdin>
2024-02-14 03:20:12+0530 - cse.lexer - 33 - INFO - generating tokens
2024-02-14 03:20:12+0530 - cse.parser - 32 - INFO - parsing tokens
2024-02-14 03:20:12+0530 - cse.parser - 46 - INFO - evaluate expression
2024-02-14 03:20:12+0530 - cse.parser - 50 - INFO - evaluate term
2024-02-14 03:20:12+0530 - cse.parser - 75 - INFO - evaluate factor
2024-02-14 03:20:12+0530 - cse.parser - 46 - INFO - evaluate expression
2024-02-14 03:20:12+0530 - cse.parser - 50 - INFO - evaluate term
2024-02-14 03:20:12+0530 - cse.parser - 75 - INFO - evaluate factor
2024-02-14 03:20:12+0530 - cse - 28 - ERROR - InvalidSyntaxError: Expected ')'
File: <stdin>, line: 1
